  Compiling CUDA source file kernel.cu...
  
  C:\Users\touxi\documents\visual studio 2015\Projects\newfdtdq6\newfdtdq6>"C:\Program Files\NVIDIA GPU Computing Toolkit\CUDA\v9.1\bin\nvcc.exe" -gencode=arch=compute_30,code=\"sm_30,compute_30\" --use-local-env --cl-version 2015 -ccbin "C:\Program Files (x86)\Microsoft Visual Studio 14.0\VC\bin\x86_amd64" -x cu  -I"C:\Program Files\NVIDIA GPU Computing Toolkit\CUDA\v9.1\include" -I"C:\Program Files\NVIDIA GPU Computing Toolkit\CUDA\v9.1\include"  -G   --keep-dir x64\Debug -maxrregcount=0  --machine 64 --compile -cudart static  -g   -DWIN32 -DWIN64 -D_DEBUG -D_CONSOLE -D_MBCS -Xcompiler "/EHsc /W3 /nologo /Od /FS /Zi /RTC1 /MDd " -o x64\Debug\kernel.cu.obj "C:\Users\touxi\documents\visual studio 2015\Projects\newfdtdq6\newfdtdq6\kernel.cu" 
c:\program files\nvidia gpu computing toolkit\cuda\v9.1\include\crt\math_functions.h : warning C4819: The file contains a character that cannot be represented in the current code page (936). Save the file in Unicode format to prevent data loss
c:\program files\nvidia gpu computing toolkit\cuda\v9.1\include\crt\math_functions.h(838): warning C4819: The file contains a character that cannot be represented in the current code page (936). Save the file in Unicode format to prevent data loss
c:\program files\nvidia gpu computing toolkit\cuda\v9.1\include\crt\math_functions.h(1772): warning C4819: The file contains a character that cannot be represented in the current code page (936). Save the file in Unicode format to prevent data loss
c:\program files\nvidia gpu computing toolkit\cuda\v9.1\include\crt\math_functions.h(2628): warning C4819: The file contains a character that cannot be represented in the current code page (936). Save the file in Unicode format to prevent data loss
c:\program files\nvidia gpu computing toolkit\cuda\v9.1\include\crt\math_functions.h(3477): warning C4819: The file contains a character that cannot be represented in the current code page (936). Save the file in Unicode format to prevent data loss
c:\program files\nvidia gpu computing toolkit\cuda\v9.1\include\crt\math_functions.h(4417): warning C4819: The file contains a character that cannot be represented in the current code page (936). Save the file in Unicode format to prevent data loss
c:\program files\nvidia gpu computing toolkit\cuda\v9.1\include\crt\math_functions.h(5319): warning C4819: The file contains a character that cannot be represented in the current code page (936). Save the file in Unicode format to prevent data loss
c:\program files\nvidia gpu computing toolkit\cuda\v9.1\include\crt\math_functions.h(6229): warning C4819: The file contains a character that cannot be represented in the current code page (936). Save the file in Unicode format to prevent data loss
c:\program files\nvidia gpu computing toolkit\cuda\v9.1\include\crt\math_functions.h(7104): warning C4819: The file contains a character that cannot be represented in the current code page (936). Save the file in Unicode format to prevent data loss
c:\program files\nvidia gpu computing toolkit\cuda\v9.1\include\crt\math_functions.h(7914): warning C4819: The file contains a character that cannot be represented in the current code page (936). Save the file in Unicode format to prevent data loss
c:\program files\nvidia gpu computing toolkit\cuda\v9.1\include\crt/device_functions.h : warning C4819: The file contains a character that cannot be represented in the current code page (936). Save the file in Unicode format to prevent data loss
c:\program files\nvidia gpu computing toolkit\cuda\v9.1\include\crt/device_functions.h(776): warning C4819: The file contains a character that cannot be represented in the current code page (936). Save the file in Unicode format to prevent data loss
c:\program files\nvidia gpu computing toolkit\cuda\v9.1\include\crt/device_functions.h(1636): warning C4819: The file contains a character that cannot be represented in the current code page (936). Save the file in Unicode format to prevent data loss
c:\program files\nvidia gpu computing toolkit\cuda\v9.1\include\crt\device_double_functions.h : warning C4819: The file contains a character that cannot be represented in the current code page (936). Save the file in Unicode format to prevent data loss
c:\program files\nvidia gpu computing toolkit\cuda\v9.1\include\sm_20_intrinsics.h : warning C4819: The file contains a character that cannot be represented in the current code page (936). Save the file in Unicode format to prevent data loss
c:\program files\nvidia gpu computing toolkit\cuda\v9.1\include\sm_20_intrinsics.h(925): warning C4819: The file contains a character that cannot be represented in the current code page (936). Save the file in Unicode format to prevent data loss
c:\program files\nvidia gpu computing toolkit\cuda\v9.1\include\crt/device_functions.h : warning C4819: The file contains a character that cannot be represented in the current code page (936). Save the file in Unicode format to prevent data loss
c:\program files\nvidia gpu computing toolkit\cuda\v9.1\include\crt/device_functions.h(776): warning C4819: The file contains a character that cannot be represented in the current code page (936). Save the file in Unicode format to prevent data loss
c:\program files\nvidia gpu computing toolkit\cuda\v9.1\include\crt/device_functions.h(1636): warning C4819: The file contains a character that cannot be represented in the current code page (936). Save the file in Unicode format to prevent data loss
C:/Users/touxi/documents/visual studio 2015/Projects/newfdtdq6/newfdtdq6/kernel.cu(70): warning : variable "i0" was declared but never referenced
C:/Users/touxi/documents/visual studio 2015/Projects/newfdtdq6/newfdtdq6/kernel.cu(124): warning : variable "ix_1" was declared but never referenced
C:/Users/touxi/documents/visual studio 2015/Projects/newfdtdq6/newfdtdq6/kernel.cu(125): warning : variable "iy_1" was declared but never referenced
C:/Users/touxi/documents/visual studio 2015/Projects/newfdtdq6/newfdtdq6/kernel.cu(126): warning : variable "iz_1" was declared but never referenced
C:/Users/touxi/documents/visual studio 2015/Projects/newfdtdq6/newfdtdq6/kernel.cu(148): warning : variable "i0" was declared but never referenced
C:/Users/touxi/documents/visual studio 2015/Projects/newfdtdq6/newfdtdq6/kernel.cu(173): warning : variable "fs" was declared but never referenced
C:/Users/touxi/documents/visual studio 2015/Projects/newfdtdq6/newfdtdq6/kernel.cu(176): warning : variable "or" was declared but never referenced
C:/Users/touxi/documents/visual studio 2015/Projects/newfdtdq6/newfdtdq6/kernel.cu(182): warning : variable "allocatedBytes" was declared but never referenced
C:/Users/touxi/documents/visual studio 2015/Projects/newfdtdq6/newfdtdq6/kernel.cu(191): warning : variable "tau" was declared but never referenced
c:\program files\nvidia gpu computing toolkit\cuda\v9.1\include\crt\math_functions.h : warning C4819: The file contains a character that cannot be represented in the current code page (936). Save the file in Unicode format to prevent data loss
c:\program files\nvidia gpu computing toolkit\cuda\v9.1\include\crt\math_functions.h(838): warning C4819: The file contains a character that cannot be represented in the current code page (936). Save the file in Unicode format to prevent data loss
c:\program files\nvidia gpu computing toolkit\cuda\v9.1\include\crt\math_functions.h(1772): warning C4819: The file contains a character that cannot be represented in the current code page (936). Save the file in Unicode format to prevent data loss
c:\program files\nvidia gpu computing toolkit\cuda\v9.1\include\crt\math_functions.h(2628): warning C4819: The file contains a character that cannot be represented in the current code page (936). Save the file in Unicode format to prevent data loss
c:\program files\nvidia gpu computing toolkit\cuda\v9.1\include\crt\math_functions.h(3477): warning C4819: The file contains a character that cannot be represented in the current code page (936). Save the file in Unicode format to prevent data loss
c:\program files\nvidia gpu computing toolkit\cuda\v9.1\include\crt\math_functions.h(4417): warning C4819: The file contains a character that cannot be represented in the current code page (936). Save the file in Unicode format to prevent data loss
c:\program files\nvidia gpu computing toolkit\cuda\v9.1\include\crt\math_functions.h(5319): warning C4819: The file contains a character that cannot be represented in the current code page (936). Save the file in Unicode format to prevent data loss
c:\program files\nvidia gpu computing toolkit\cuda\v9.1\include\crt\math_functions.h(6229): warning C4819: The file contains a character that cannot be represented in the current code page (936). Save the file in Unicode format to prevent data loss
c:\program files\nvidia gpu computing toolkit\cuda\v9.1\include\crt\math_functions.h(7104): warning C4819: The file contains a character that cannot be represented in the current code page (936). Save the file in Unicode format to prevent data loss
c:\program files\nvidia gpu computing toolkit\cuda\v9.1\include\crt\math_functions.h(7914): warning C4819: The file contains a character that cannot be represented in the current code page (936). Save the file in Unicode format to prevent data loss
c:\program files\nvidia gpu computing toolkit\cuda\v9.1\include\crt/device_functions.h : warning C4819: The file contains a character that cannot be represented in the current code page (936). Save the file in Unicode format to prevent data loss
c:\program files\nvidia gpu computing toolkit\cuda\v9.1\include\crt/device_functions.h(776): warning C4819: The file contains a character that cannot be represented in the current code page (936). Save the file in Unicode format to prevent data loss
c:\program files\nvidia gpu computing toolkit\cuda\v9.1\include\crt/device_functions.h(1636): warning C4819: The file contains a character that cannot be represented in the current code page (936). Save the file in Unicode format to prevent data loss
c:\program files\nvidia gpu computing toolkit\cuda\v9.1\include\crt\device_double_functions.h : warning C4819: The file contains a character that cannot be represented in the current code page (936). Save the file in Unicode format to prevent data loss
c:\program files\nvidia gpu computing toolkit\cuda\v9.1\include\sm_20_intrinsics.h : warning C4819: The file contains a character that cannot be represented in the current code page (936). Save the file in Unicode format to prevent data loss
c:\program files\nvidia gpu computing toolkit\cuda\v9.1\include\sm_20_intrinsics.h(925): warning C4819: The file contains a character that cannot be represented in the current code page (936). Save the file in Unicode format to prevent data loss
c:\program files\nvidia gpu computing toolkit\cuda\v9.1\include\crt/device_functions.h : warning C4819: The file contains a character that cannot be represented in the current code page (936). Save the file in Unicode format to prevent data loss
c:\program files\nvidia gpu computing toolkit\cuda\v9.1\include\crt/device_functions.h(776): warning C4819: The file contains a character that cannot be represented in the current code page (936). Save the file in Unicode format to prevent data loss
c:\program files\nvidia gpu computing toolkit\cuda\v9.1\include\crt/device_functions.h(1636): warning C4819: The file contains a character that cannot be represented in the current code page (936). Save the file in Unicode format to prevent data loss
C:/Users/touxi/documents/visual studio 2015/Projects/newfdtdq6/newfdtdq6/kernel.cu(70): warning : variable "i0" was declared but never referenced
C:/Users/touxi/documents/visual studio 2015/Projects/newfdtdq6/newfdtdq6/kernel.cu(124): warning : variable "ix_1" was declared but never referenced
C:/Users/touxi/documents/visual studio 2015/Projects/newfdtdq6/newfdtdq6/kernel.cu(125): warning : variable "iy_1" was declared but never referenced
C:/Users/touxi/documents/visual studio 2015/Projects/newfdtdq6/newfdtdq6/kernel.cu(126): warning : variable "iz_1" was declared but never referenced
C:/Users/touxi/documents/visual studio 2015/Projects/newfdtdq6/newfdtdq6/kernel.cu(148): warning : variable "i0" was declared but never referenced
C:/Users/touxi/documents/visual studio 2015/Projects/newfdtdq6/newfdtdq6/kernel.cu(173): warning : variable "fs" was declared but never referenced
C:/Users/touxi/documents/visual studio 2015/Projects/newfdtdq6/newfdtdq6/kernel.cu(176): warning : variable "or" was declared but never referenced
C:/Users/touxi/documents/visual studio 2015/Projects/newfdtdq6/newfdtdq6/kernel.cu(182): warning : variable "allocatedBytes" was declared but never referenced
C:/Users/touxi/documents/visual studio 2015/Projects/newfdtdq6/newfdtdq6/kernel.cu(191): warning : variable "tau" was declared but never referenced
  kernel.cu
C:/Users/touxi/documents/visual studio 2015/Projects/newfdtdq6/newfdtdq6/kernel.cu(59): warning C4305: 'initializing': truncation from 'double' to 'float'
C:/Users/touxi/documents/visual studio 2015/Projects/newfdtdq6/newfdtdq6/kernel.cu(181): warning C4244: 'initializing': conversion from 'double' to 'int', possible loss of data
C:/Users/touxi/documents/visual studio 2015/Projects/newfdtdq6/newfdtdq6/kernel.cu(197): warning C4305: 'initializing': truncation from 'double' to 'float'
C:/Users/touxi/documents/visual studio 2015/Projects/newfdtdq6/newfdtdq6/kernel.cu(265): warning C4244: '=': conversion from 'double' to 'float', possible loss of data
C:/Users/touxi/documents/visual studio 2015/Projects/newfdtdq6/newfdtdq6/kernel.cu(282): warning C4244: '=': conversion from 'double' to 'float', possible loss of data
C:/Users/touxi/documents/visual studio 2015/Projects/newfdtdq6/newfdtdq6/kernel.cu(284): warning C4244: '=': conversion from 'double' to 'float', possible loss of data
C:/Users/touxi/documents/visual studio 2015/Projects/newfdtdq6/newfdtdq6/kernel.cu(288): warning C4244: '=': conversion from 'double' to 'float', possible loss of data
C:/Users/touxi/documents/visual studio 2015/Projects/newfdtdq6/newfdtdq6/kernel.cu(289): warning C4244: '=': conversion from 'double' to 'float', possible loss of data
C:/Users/touxi/documents/visual studio 2015/Projects/newfdtdq6/newfdtdq6/kernel.cu(291): warning C4244: '=': conversion from 'double' to 'float', possible loss of data
C:/Users/touxi/documents/visual studio 2015/Projects/newfdtdq6/newfdtdq6/kernel.cu(292): warning C4244: '=': conversion from 'double' to 'float', possible loss of data
C:/Users/touxi/documents/visual studio 2015/Projects/newfdtdq6/newfdtdq6/kernel.cu(301): warning C4244: '=': conversion from 'double' to 'float', possible loss of data
C:/Users/touxi/documents/visual studio 2015/Projects/newfdtdq6/newfdtdq6/kernel.cu(307): warning C4244: 'argument': conversion from 'const double' to 'const float', possible loss of data
C:/Users/touxi/documents/visual studio 2015/Projects/newfdtdq6/newfdtdq6/kernel.cu(309): warning C4244: 'argument': conversion from 'const double' to 'float', possible loss of data
C:/Users/touxi/documents/visual studio 2015/Projects/newfdtdq6/newfdtdq6/kernel.cu(309): warning C4244: '=': conversion from 'double' to 'float', possible loss of data
C:/Users/touxi/documents/visual studio 2015/Projects/newfdtdq6/newfdtdq6/kernel.cu(316): warning C4244: 'argument': conversion from 'const double' to 'const float', possible loss of data
C:/Users/touxi/documents/visual studio 2015/Projects/newfdtdq6/newfdtdq6/kernel.cu(325): warning C4244: '=': conversion from 'time_t' to 'int', possible loss of data
c:\program files\nvidia gpu computing toolkit\cuda\v9.1\include\crt\math_functions.h : warning C4819: The file contains a character that cannot be represented in the current code page (936). Save the file in Unicode format to prevent data loss
c:\program files\nvidia gpu computing toolkit\cuda\v9.1\include\crt\math_functions.h(838): warning C4819: The file contains a character that cannot be represented in the current code page (936). Save the file in Unicode format to prevent data loss
c:\program files\nvidia gpu computing toolkit\cuda\v9.1\include\crt\math_functions.h(1772): warning C4819: The file contains a character that cannot be represented in the current code page (936). Save the file in Unicode format to prevent data loss
c:\program files\nvidia gpu computing toolkit\cuda\v9.1\include\crt\math_functions.h(2628): warning C4819: The file contains a character that cannot be represented in the current code page (936). Save the file in Unicode format to prevent data loss
c:\program files\nvidia gpu computing toolkit\cuda\v9.1\include\crt\math_functions.h(3477): warning C4819: The file contains a character that cannot be represented in the current code page (936). Save the file in Unicode format to prevent data loss
c:\program files\nvidia gpu computing toolkit\cuda\v9.1\include\crt\math_functions.h(4417): warning C4819: The file contains a character that cannot be represented in the current code page (936). Save the file in Unicode format to prevent data loss
c:\program files\nvidia gpu computing toolkit\cuda\v9.1\include\crt\math_functions.h(5319): warning C4819: The file contains a character that cannot be represented in the current code page (936). Save the file in Unicode format to prevent data loss
c:\program files\nvidia gpu computing toolkit\cuda\v9.1\include\crt\math_functions.h(6229): warning C4819: The file contains a character that cannot be represented in the current code page (936). Save the file in Unicode format to prevent data loss
c:\program files\nvidia gpu computing toolkit\cuda\v9.1\include\crt\math_functions.h(7104): warning C4819: The file contains a character that cannot be represented in the current code page (936). Save the file in Unicode format to prevent data loss
c:\program files\nvidia gpu computing toolkit\cuda\v9.1\include\crt\math_functions.h(7914): warning C4819: The file contains a character that cannot be represented in the current code page (936). Save the file in Unicode format to prevent data loss
  newfdtdq6.vcxproj -> C:\Users\touxi\documents\visual studio 2015\Projects\newfdtdq6\x64\Debug\newfdtdq6.exe
  newfdtdq6.vcxproj -> C:\Users\touxi\documents\visual studio 2015\Projects\newfdtdq6\x64\Debug\newfdtdq6.pdb (Full PDB)
  copy "C:\Program Files\NVIDIA GPU Computing Toolkit\CUDA\v9.1\bin\cudart*.dll" "C:\Users\touxi\documents\visual studio 2015\Projects\newfdtdq6\x64\Debug\"
  C:\Program Files\NVIDIA GPU Computing Toolkit\CUDA\v9.1\bin\cudart32_91.dll
  C:\Program Files\NVIDIA GPU Computing Toolkit\CUDA\v9.1\bin\cudart64_91.dll
  已复制         2 个文件。
